<?xml version="1.0" encoding="UTF-8"?>
<!-- Generated by org.testng.reporters.JUnitXMLReporter -->
<testsuite ignored="0" hostname="LAPTOP-KD2D5JN7" failures="1" tests="7" name="Surefire test" time="16.239" errors="0" timestamp="2024-01-19T14:55:08 IST">
  <testcase classname="io.cucumber.testng.AbstractTestNGCucumberTests" name="runScenario" time="11.823"/>
  <testcase classname="io.cucumber.testng.AbstractTestNGCucumberTests" name="runScenario" time="12.452">
    <failure type="java.lang.AssertionError" message="expected [true] but found [false]">
      <![CDATA[java.lang.AssertionError: expected [true] but found [false]
at Utils.Basepage.ReadDataFromExcel(Basepage.java:91)
at Pages.ExcelPage.ReadExcel(ExcelPage.java:42)
at Tests.ExcelStepDefinition.read_data_from_excel_to_get_password(ExcelStepDefinition.java:37)
at âœ½.Read Data From Excel To get Password(file:///C:/Users/HIMARAJ/eclipse-workspace/SeleniumCucumberAutomation/src/test/java/Features/Excel.feature:30)
... Removed 7 stack frames]]>
    </failure>
  </testcase> <!-- runScenario -->
  <testcase classname="io.cucumber.testng.AbstractTestNGCucumberTests" name="runScenario" time="14.418"/>
  <testcase classname="io.cucumber.testng.AbstractTestNGCucumberTests" name="runScenario" time="14.545"/>
  <testcase classname="io.cucumber.testng.AbstractTestNGCucumberTests" name="runScenario" time="15.218"/>
  <testcase classname="io.cucumber.testng.AbstractTestNGCucumberTests" name="runScenario" time="15.631"/>
  <testcase classname="io.cucumber.testng.AbstractTestNGCucumberTests" name="runScenario" time="15.884"/>
</testsuite> <!-- Surefire test -->
